<?xml version="1.0" encoding="UTF-8"?>
<!-- Generated by org.testng.reporters.JUnitReportReporter -->
<testsuite hostname="ARSHIA-PC" failures="0" tests="2" name="Academy.HomePage" time="18.220" errors="0" timestamp="23 Jul 2019 06:58:54 GMT">
  <testcase classname="Academy.HomePage" name="basePageNavigation" time="10.893"/>
  <testcase classname="Academy.HomePage" name="basePageNavigation" time="7.327"/>
</testsuite> <!-- Academy.HomePage -->
