<?xml version="1.0" encoding="UTF-8"?>
<!-- Generated by org.testng.reporters.JUnitReportReporter -->
<testsuite hostname="ARSHIA-PC" failures="0" tests="1" name="Academy.validateNavigationBar" time="0.087" errors="0" timestamp="23 Jul 2019 06:58:54 GMT">
  <testcase classname="Academy.validateNavigationBar" name="basePageNavigation" time="0.087"/>
</testsuite> <!-- Academy.validateNavigationBar -->
