<?xml version="1.0" encoding="UTF-8"?>
<!-- Generated by org.testng.reporters.JUnitReportReporter -->
<testsuite hostname="ARSHIA-PC" name="Academy.validateNavigationBar" tests="1" failures="0" timestamp="23 Jul 2019 07:59:07 GMT" time="0.055" errors="0">
  <testcase name="ValidateAppnavBar" time="0.055" classname="Academy.validateNavigationBar"/>
</testsuite> <!-- Academy.validateNavigationBar -->
