<?xml version="1.0" encoding="UTF-8"?>
<!-- Generated by org.testng.reporters.JUnitReportReporter -->
<testsuite hostname="ARSHIA-PC" name="Academy.HomePage" tests="2" failures="0" timestamp="23 Jul 2019 07:59:07 GMT" time="19.381" errors="0">
  <testcase name="basePageNavigation" time="11.446" classname="Academy.HomePage"/>
  <testcase name="basePageNavigation" time="7.935" classname="Academy.HomePage"/>
</testsuite> <!-- Academy.HomePage -->
